Worker ready
Worker ready
Worker ready
Worker ready
Worker ready
Worker ready
Worker ready
Worker ready
Worker ready
Worker ready
Worker ready
Worker ready
Worker ready
Worker ready
Worker ready
Error: Module version mismatch. Expected 47, got 43.
Error: Module version mismatch. Expected 47, got 43.
    at Error (native)
    at Object.Module._extensions..node (module.js:458:18)
    at Module.load (module.js:361:32)
    at Function.Module._load (module.js:318:12)
    at Module.require (module.js:371:17)
    at require (internal/module.js:12:17)
    at Object.<anonymous> (/home/zeta/dev/js-editor/plugin/spellcheck_worker.js:13:15)
    at Module._compile (module.js:415:26)
    at Object.Module._extensions..js (module.js:428:10)
    at Module.load (module.js:361:32)
Worker ready
Worker ready
Error: channel closed
Error: channel closed
    at process.target.send (child_process.js:396:26)
    at spellAnswer (/home/zeta/dev/js-editor/plugin/spellcheck_worker.js:129:13)
Worker ready
Error: channel closed
Error: channel closed
    at process.target.send (child_process.js:396:26)
    at spellAnswer (/home/zeta/dev/js-editor/plugin/spellcheck_worker.js:129:13)
Worker ready
Error: channel closed
Error: channel closed
    at process.target.send (child_process.js:396:26)
    at spellAnswer (/home/zeta/dev/js-editor/plugin/spellcheck_worker.js:132:13)
Worker ready
Error: channel closed
Error: channel closed
    at process.target.send (child_process.js:396:26)
    at spellAnswer (/home/zeta/dev/js-editor/plugin/spellcheck_worker.js:129:13)
Worker ready
